  [1m[36m (124.5ms)[0m  [1mCREATE TABLE "schema_migrations" ("version" varchar NOT NULL) [0m
  [1m[35m (0.5ms)[0m  select sqlite_version(*)
  [1m[36m (108.3ms)[0m  [1mCREATE UNIQUE INDEX "unique_schema_migrations" ON "schema_migrations" ("version")[0m
  [1m[35mActiveRecord::SchemaMigration Load (0.4ms)[0m  SELECT "schema_migrations".* FROM "schema_migrations"
Migrating to CreatePosts (20160517235406)
  [1m[36m (0.2ms)[0m  [1mbegin transaction[0m
  [1m[35m (0.8ms)[0m  CREATE TABLE "posts" ("id" INTEGER PRIMARY KEY AUTOINCREMENT NOT NULL, "title" varchar, "body" text, "created_at" datetime NOT NULL, "updated_at" datetime NOT NULL) 
  [1m[36mSQL (0.6ms)[0m  [1mINSERT INTO "schema_migrations" ("version") VALUES (?)[0m  [["version", "20160517235406"]]
  [1m[35m (121.0ms)[0m  commit transaction
Migrating to CreateComments (20160517235500)
  [1m[36m (0.4ms)[0m  [1mbegin transaction[0m
  [1m[35m (1.0ms)[0m  CREATE TABLE "comments" ("id" INTEGER PRIMARY KEY AUTOINCREMENT NOT NULL, "post_id" integer, "body" text, "created_at" datetime NOT NULL, "updated_at" datetime NOT NULL) 
  [1m[36m (0.5ms)[0m  [1mCREATE  INDEX "index_comments_on_post_id" ON "comments" ("post_id")[0m
  [1m[35mSQL (0.4ms)[0m  INSERT INTO "schema_migrations" ("version") VALUES (?)  [["version", "20160517235500"]]
  [1m[36m (110.2ms)[0m  [1mcommit transaction[0m
  [1m[35mActiveRecord::SchemaMigration Load (0.3ms)[0m  SELECT "schema_migrations".* FROM "schema_migrations"
  [1m[36m (0.3ms)[0m  [1m            SELECT sql
            FROM sqlite_master
            WHERE name='index_comments_on_post_id' AND type='index'
            UNION ALL
            SELECT sql
            FROM sqlite_temp_master
            WHERE name='index_comments_on_post_id' AND type='index'
[0m


Started GET "/posts" for ::1 at 2016-05-17 16:57:15 -0700
  [1m[36mActiveRecord::SchemaMigration Load (0.4ms)[0m  [1mSELECT "schema_migrations".* FROM "schema_migrations"[0m
Processing by PostsController#index as HTML
  [1m[35mPost Load (0.5ms)[0m  SELECT "posts".* FROM "posts"
  Rendered posts/index.html.erb within layouts/application (8.9ms)
Completed 200 OK in 1921ms (Views: 1901.2ms | ActiveRecord: 0.7ms)


Started GET "/assets/comments.self-e3b0c44298fc1c149afbf4c8996fb92427ae41e4649b934ca495991b7852b855.css?body=1" for ::1 at 2016-05-17 16:57:17 -0700


Started GET "/assets/posts.self-e3b0c44298fc1c149afbf4c8996fb92427ae41e4649b934ca495991b7852b855.css?body=1" for ::1 at 2016-05-17 16:57:17 -0700


Started GET "/assets/scaffolds.self-aadeb5f578af0c6aa0ab3d55a67872bebe56aa4f36c1a512ea1e90904b73b37a.css?body=1" for ::1 at 2016-05-17 16:57:17 -0700


Started GET "/assets/comments.self-877aef30ae1b040ab8a3aba4e3e309a11d7f2612f44dde450b5c157aa5f95c05.js?body=1" for ::1 at 2016-05-17 16:57:17 -0700


Started GET "/assets/posts.self-877aef30ae1b040ab8a3aba4e3e309a11d7f2612f44dde450b5c157aa5f95c05.js?body=1" for ::1 at 2016-05-17 16:57:17 -0700


Started GET "/posts/new" for ::1 at 2016-05-17 16:57:23 -0700
Processing by PostsController#new as HTML
  Rendered posts/_form.html.erb (39.2ms)
  Rendered posts/new.html.erb within layouts/application (47.7ms)
Completed 200 OK in 111ms (Views: 94.5ms | ActiveRecord: 0.9ms)


Started POST "/posts" for ::1 at 2016-05-17 16:57:43 -0700
Processing by PostsController#create as HTML
  Parameters: {"utf8"=>"✓", "authenticity_token"=>"KouMaWFItvMcZdwWCnMZc3ub1G8CMTBPO2O+xItKKmY858lNSJgcm+aAMHS4AsMHwoHN+usMrlgjh9g/3yFYhQ==", "post"=>{"title"=>"First Creation", "body"=>"Kewl"}, "commit"=>"Create Post"}
  [1m[36m (0.4ms)[0m  [1mbegin transaction[0m
  [1m[35mSQL (1.0ms)[0m  INSERT INTO "posts" ("title", "body", "created_at", "updated_at") VALUES (?, ?, ?, ?)  [["title", "First Creation"], ["body", "Kewl"], ["created_at", "2016-05-17 23:57:43.200502"], ["updated_at", "2016-05-17 23:57:43.200502"]]
  [1m[36m (155.2ms)[0m  [1mcommit transaction[0m
Redirected to http://localhost:3000/posts/1
Completed 302 Found in 185ms (ActiveRecord: 156.6ms)


Started GET "/posts/1" for ::1 at 2016-05-17 16:57:43 -0700
Processing by PostsController#show as HTML
  Parameters: {"id"=>"1"}
  [1m[35mPost Load (0.8ms)[0m  SELECT  "posts".* FROM "posts" WHERE "posts"."id" = ? LIMIT 1  [["id", 1]]
  Rendered posts/show.html.erb within layouts/application (3.1ms)
Completed 200 OK in 67ms (Views: 46.9ms | ActiveRecord: 0.8ms)


Started GET "/comments" for ::1 at 2016-05-17 16:59:10 -0700
Processing by CommentsController#index as HTML
  [1m[36mComment Load (0.5ms)[0m  [1mSELECT "comments".* FROM "comments"[0m
  Rendered comments/index.html.erb within layouts/application (7.4ms)
Completed 200 OK in 88ms (Views: 65.5ms | ActiveRecord: 0.9ms)


Started GET "/comments/new" for ::1 at 2016-05-17 16:59:13 -0700
Processing by CommentsController#new as HTML
  Rendered comments/_form.html.erb (10.4ms)
  Rendered comments/new.html.erb within layouts/application (14.2ms)
Completed 200 OK in 77ms (Views: 59.7ms | ActiveRecord: 0.7ms)


Started POST "/comments" for ::1 at 2016-05-17 16:59:19 -0700
Processing by CommentsController#create as HTML
  Parameters: {"utf8"=>"✓", "authenticity_token"=>"lQW2TGtaGZAkt3pAsv4v+6FygXL7kaLGbnfhf5v1j7WDafNoQoqz+N5SliIAj/WPGGiY5xKsPNF2k4eEz579Vg==", "comment"=>{"post_id"=>"1", "body"=>"Yes indeed"}, "commit"=>"Create Comment"}
  [1m[35m (0.4ms)[0m  begin transaction
  [1m[36mSQL (0.8ms)[0m  [1mINSERT INTO "comments" ("post_id", "body", "created_at", "updated_at") VALUES (?, ?, ?, ?)[0m  [["post_id", 1], ["body", "Yes indeed"], ["created_at", "2016-05-17 23:59:19.791131"], ["updated_at", "2016-05-17 23:59:19.791131"]]
  [1m[35m (159.9ms)[0m  commit transaction
Redirected to http://localhost:3000/comments/1
Completed 302 Found in 186ms (ActiveRecord: 161.0ms)


Started GET "/comments/1" for ::1 at 2016-05-17 16:59:20 -0700
Processing by CommentsController#show as HTML
  Parameters: {"id"=>"1"}
  [1m[36mComment Load (0.6ms)[0m  [1mSELECT  "comments".* FROM "comments" WHERE "comments"."id" = ? LIMIT 1[0m  [["id", 1]]
  [1m[35mPost Load (0.4ms)[0m  SELECT  "posts".* FROM "posts" WHERE "posts"."id" = ? LIMIT 1  [["id", 1]]
  Rendered comments/show.html.erb within layouts/application (36.2ms)
Completed 200 OK in 88ms (Views: 80.5ms | ActiveRecord: 1.0ms)
